Flow report for somador_generico
Thu Aug 15 09:07:32 2019
Quartus II 64-Bit Version 13.0.1 Build 232 06/12/2013 Service Pack 1 SJ Web Edition


---------------------
; Table of Contents ;
---------------------
  1. Legal Notice
  2. Flow Summary
  3. Flow Settings
  4. Flow Non-Default Global Settings
  5. Flow Elapsed Time
  6. Flow OS Summary
  7. Flow Log
  8. Flow Messages
  9. Flow Suppressed Messages



----------------
; Legal Notice ;
----------------
Copyright (C) 1991-2013 Altera Corporation
Your use of Altera Corporation's design tools, logic functions 
and other software and tools, and its AMPP partner logic 
functions, and any output files from any of the foregoing 
(including device programming or simulation files), and any 
associated documentation or information are expressly subject 
to the terms and conditions of the Altera Program License 
Subscription Agreement, Altera MegaCore Function License 
Agreement, or other applicable license agreement, including, 
without limitation, that your use is for the sole purpose of 
programming logic devices manufactured by Altera and sold by 
Altera or its authorized distributors.  Please refer to the 
applicable agreement for further details.



+--------------------------------------------------------------------------------------+
; Flow Summary                                                                         ;
+------------------------------------+-------------------------------------------------+
; Flow Status                        ; Successful - Thu Aug 15 09:07:32 2019           ;
; Quartus II 64-Bit Version          ; 13.0.1 Build 232 06/12/2013 SP 1 SJ Web Edition ;
; Revision Name                      ; somador_generico                                ;
; Top-level Entity Name              ; somador4bits                                    ;
; Family                             ; Cyclone II                                      ;
; Device                             ; EP2C35F672C6                                    ;
; Timing Models                      ; Final                                           ;
; Total logic elements               ; 9 / 33,216 ( < 1 % )                            ;
;     Total combinational functions  ; 9 / 33,216 ( < 1 % )                            ;
;     Dedicated logic registers      ; 0 / 33,216 ( 0 % )                              ;
; Total registers                    ; 0                                               ;
; Total pins                         ; 13 / 475 ( 3 % )                                ;
; Total virtual pins                 ; 0                                               ;
; Total memory bits                  ; 0 / 483,840 ( 0 % )                             ;
; Embedded Multiplier 9-bit elements ; 0 / 70 ( 0 % )                                  ;
; Total PLLs                         ; 0 / 4 ( 0 % )                                   ;
+------------------------------------+-------------------------------------------------+


+-----------------------------------------+
; Flow Settings                           ;
+-------------------+---------------------+
; Option            ; Setting             ;
+-------------------+---------------------+
; Start date & time ; 08/15/2019 09:07:18 ;
; Main task         ; Compilation         ;
; Revision Name     ; somador_generico    ;
+-------------------+---------------------+


+-----------------------------------------------------------------------------------------------------------------+
; Flow Non-Default Global Settings                                                                                ;
+-------------------------------------+------------------------+------------------+--------------+----------------+
; Assignment Name                     ; Value                  ; Default Value    ; Entity Name  ; Section Id     ;
+-------------------------------------+------------------------+------------------+--------------+----------------+
; COMPILER_SIGNATURE_ID               ; 0.156587083705533      ; --               ; --           ; --             ;
; EDA_OUTPUT_DATA_FORMAT              ; Vhdl                   ; --               ; --           ; eda_simulation ;
; EDA_SIMULATION_TOOL                 ; ModelSim-Altera (VHDL) ; <None>           ; --           ; --             ;
; MAX_CORE_JUNCTION_TEMP              ; 85                     ; --               ; --           ; --             ;
; MIN_CORE_JUNCTION_TEMP              ; 0                      ; --               ; --           ; --             ;
; PARTITION_COLOR                     ; 16764057               ; --               ; somador4bits ; Top            ;
; PARTITION_FITTER_PRESERVATION_LEVEL ; PLACEMENT_AND_ROUTING  ; --               ; somador4bits ; Top            ;
; PARTITION_NETLIST_TYPE              ; SOURCE                 ; --               ; somador4bits ; Top            ;
; PROJECT_OUTPUT_DIRECTORY            ; output_files           ; --               ; --           ; --             ;
; TOP_LEVEL_ENTITY                    ; somador4bits           ; somador_generico ; --           ; --             ;
+-------------------------------------+------------------------+------------------+--------------+----------------+


+-------------------------------------------------------------------------------------------------------------------------------+
; Flow Elapsed Time                                                                                                             ;
+---------------------------+--------------+-------------------------+---------------------+------------------------------------+
; Module Name               ; Elapsed Time ; Average Processors Used ; Peak Virtual Memory ; Total CPU Time (on all processors) ;
+---------------------------+--------------+-------------------------+---------------------+------------------------------------+
; Analysis & Synthesis      ; 00:00:01     ; 1.0                     ; 619 MB              ; 00:00:01                           ;
; Fitter                    ; 00:00:04     ; 1.0                     ; 730 MB              ; 00:00:04                           ;
; Assembler                 ; 00:00:02     ; 1.0                     ; 571 MB              ; 00:00:02                           ;
; TimeQuest Timing Analyzer ; 00:00:00     ; 1.0                     ; 520 MB              ; 00:00:01                           ;
; EDA Netlist Writer        ; 00:00:01     ; 1.0                     ; 788 MB              ; 00:00:00                           ;
; Total                     ; 00:00:08     ; --                      ; --                  ; 00:00:08                           ;
+---------------------------+--------------+-------------------------+---------------------+------------------------------------+


+---------------------------------------------------------------------------------------------+
; Flow OS Summary                                                                             ;
+---------------------------+------------------+----------------+------------+----------------+
; Module Name               ; Machine Hostname ; OS Name        ; OS Version ; Processor type ;
+---------------------------+------------------+----------------+------------+----------------+
; Analysis & Synthesis      ; ine              ; Ubuntu 16.04.1 ; 16         ; x86_64         ;
; Fitter                    ; ine              ; Ubuntu 16.04.1 ; 16         ; x86_64         ;
; Assembler                 ; ine              ; Ubuntu 16.04.1 ; 16         ; x86_64         ;
; TimeQuest Timing Analyzer ; ine              ; Ubuntu 16.04.1 ; 16         ; x86_64         ;
; EDA Netlist Writer        ; ine              ; Ubuntu 16.04.1 ; 16         ; x86_64         ;
+---------------------------+------------------+----------------+------------+----------------+


------------
; Flow Log ;
------------
quartus_map --read_settings_files=on --write_settings_files=off somador_generico -c somador_generico
quartus_fit --read_settings_files=off --write_settings_files=off somador_generico -c somador_generico
quartus_asm --read_settings_files=off --write_settings_files=off somador_generico -c somador_generico
quartus_sta somador_generico -c somador_generico
quartus_eda --read_settings_files=off --write_settings_files=off somador_generico -c somador_generico



